{
  "stats": {
    "suites": 2,
    "tests": 2,
    "passes": 2,
    "pending": 0,
    "failures": 0,
    "start": "2020-08-14T14:49:49.664Z",
    "end": "2020-08-14T14:49:49.664Z",
    "duration": 151,
    "testsRegistered": 2,
    "passPercent": 100,
    "pendingPercent": 0,
    "other": 0,
    "hasOther": false,
    "skipped": 0,
    "hasSkipped": false
  },
  "results": [
    {
      "uuid": "ae9d91b4-4106-438d-95d4-674c1144f1fa",
      "title": "",
      "fullFile": "cypress\\integration\\sprint1\\Feature164.spec.js",
      "file": "cypress\\integration\\sprint1\\Feature164.spec.js",
      "beforeHooks": [],
      "afterHooks": [],
      "tests": [],
      "suites": [
        {
          "uuid": "a3103b0f-924e-4ccc-ba99-f96d14d4ce74",
          "title": "WebApplication Access Feature 164",
          "fullFile": "",
          "file": "",
          "beforeHooks": [],
          "afterHooks": [],
          "tests": [
            {
              "title": "User Story 175",
              "fullTitle": "WebApplication Access Feature 164 User Story 175",
              "timedOut": null,
              "duration": 60,
              "state": "passed",
              "speed": "medium",
              "pass": true,
              "fail": false,
              "pending": false,
              "context": null,
              "code": "it('Sign In', function () {\n  cy.login();\n});",
              "err": {},
              "uuid": "2aa7a934-02aa-4404-91e9-e914424ea989",
              "parentUUID": "a3103b0f-924e-4ccc-ba99-f96d14d4ce74",
              "isHook": false,
              "skipped": false
            }
          ],
          "suites": [],
          "passes": [
            "2aa7a934-02aa-4404-91e9-e914424ea989"
          ],
          "failures": [],
          "pending": [],
          "skipped": [],
          "duration": 60,
          "root": false,
          "rootEmpty": false,
          "_timeout": 2000
        }
      ],
      "passes": [],
      "failures": [],
      "pending": [],
      "skipped": [],
      "duration": 0,
      "root": true,
      "rootEmpty": true,
      "_timeout": 2000
    },
    {
      "uuid": "8bc32971-7278-4f0e-9d40-4aa1805b3041",
      "title": "",
      "fullFile": "cypress\\integration\\sprint1\\Feature164.spec.js",
      "file": "cypress\\integration\\sprint1\\Feature164.spec.js",
      "beforeHooks": [],
      "afterHooks": [],
      "tests": [],
      "suites": [
        {
          "uuid": "b504216d-59cd-4cf1-a1ad-58c86ffe934e",
          "title": "WebApplication Access Feature 164",
          "fullFile": "",
          "file": "",
          "beforeHooks": [],
          "afterHooks": [],
          "tests": [
            {
              "title": "User Story 175",
              "fullTitle": "WebApplication Access Feature 164 User Story 175",
              "timedOut": null,
              "duration": 91,
              "state": "passed",
              "speed": "slow",
              "pass": true,
              "fail": false,
              "pending": false,
              "context": null,
              "code": "it('Sign In', function () {\n  cy.login();\n});",
              "err": {},
              "uuid": "71ab75fa-61dd-4a49-a1b0-c04e94501a5d",
              "parentUUID": "b504216d-59cd-4cf1-a1ad-58c86ffe934e",
              "isHook": false,
              "skipped": false
            }
          ],
          "suites": [],
          "passes": [
            "71ab75fa-61dd-4a49-a1b0-c04e94501a5d"
          ],
          "failures": [],
          "pending": [],
          "skipped": [],
          "duration": 91,
          "root": false,
          "rootEmpty": false,
          "_timeout": 2000
        }
      ],
      "passes": [],
      "failures": [],
      "pending": [],
      "skipped": [],
      "duration": 0,
      "root": true,
      "rootEmpty": true,
      "_timeout": 2000
    }
  ],
  "meta": {
    "mocha": {
      "version": "7.0.1"
    },
    "mochawesome": {
      "options": {
        "quiet": false,
        "reportFilename": "mochawesome",
        "saveHtml": false,
        "saveJson": true,
        "consoleReporter": "spec",
        "useInlineDiffs": false,
        "code": true
      },
      "version": "6.1.1"
    },
    "marge": {
      "options": {
        "reportDir": "cypress/results",
        "overwrite": false,
        "html": false,
        "json": true
      },
      "version": "5.1.0"
    }
  }
}
